<?xml version="1.0" encoding="UTF-8"?>
<testsuite name="com.example.project.CalculatorTest" tests="10" skipped="0" failures="0" errors="0" timestamp="2024-09-25T15:54:48" hostname="codespaces-a9a498" time="0.222">
  <properties/>
  <testcase name="testDivisibleByFalse()" classname="com.example.project.CalculatorTest" time="0.059"/>
  <testcase name="testInfo()" classname="com.example.project.CalculatorTest" time="0.049"/>
  <testcase name="testDivisibleByTrue()" classname="com.example.project.CalculatorTest" time="0.008"/>
  <testcase name="testCoordinatePair()" classname="com.example.project.CalculatorTest" time="0.036"/>
  <testcase name="testPerformOperationMultiplication()" classname="com.example.project.CalculatorTest" time="0.009"/>
  <testcase name="testPerformOperationNone()" classname="com.example.project.CalculatorTest" time="0.012"/>
  <testcase name="testPerformOperationAddition()" classname="com.example.project.CalculatorTest" time="0.007"/>
  <testcase name="testPerformOperationSubtraction()" classname="com.example.project.CalculatorTest" time="0.005"/>
  <testcase name="testAbsoluteValue()" classname="com.example.project.CalculatorTest" time="0.009"/>
  <testcase name="testPerformOperationDivision()" classname="com.example.project.CalculatorTest" time="0.002"/>
  <system-out><![CDATA[]]></system-out>
  <system-err><![CDATA[]]></system-err>
</testsuite>
